<testsuites id="" name="" tests="1" failures="1" skipped="0" errors="0" time="51.960402">
<testsuite name="poi-manager-integration.spec.ts" timestamp="2025-12-15T17:07:26.916Z" hostname="integration" tests="1" failures="1" skipped="0" time="38.796" errors="0">
<testcase name="POI Manager Integration Tests › should load POI manager page" classname="poi-manager-integration.spec.ts" time="38.796">
<failure message="poi-manager-integration.spec.ts:10:3 should load POI manager page" type="FAILURE">
<![CDATA[  [integration] › poi-manager-integration.spec.ts:10:3 › POI Manager Integration Tests › should load POI manager page 

    Error: expect(locator).toContainText(expected) failed

    Locator: locator('h1')
    Expected substring: "POI Manager"
    Timeout: 10000ms
    Error: element(s) not found

    Call log:
      - Expect "toContainText" with timeout 10000ms
      - waiting for locator('h1')


      10 |   test('should load POI manager page', async ({ page }) => {
      11 |     // Check page title and basic elements
    > 12 |     await expect(page.locator('h1')).toContainText('POI Manager');
         |                                      ^
      13 |     await expect(page.getByPlaceholder('Search POIs...')).toBeVisible();
      14 |   });
      15 |
        at C:\Users\james\Videos\deeds-web-app\sveltekit-frontend\tests\poi-manager-integration.spec.ts:12:38

    attachment #1: screenshot (image/png) ──────────────────────────────────────────────────────────
    ..\test-results\poi-manager-integration-PO-fbaec-hould-load-POI-manager-page-integration\test-failed-1.png
    ────────────────────────────────────────────────────────────────────────────────────────────────

    attachment #2: video (video/webm) ──────────────────────────────────────────────────────────────
    ..\test-results\poi-manager-integration-PO-fbaec-hould-load-POI-manager-page-integration\video.webm
    ────────────────────────────────────────────────────────────────────────────────────────────────

    Error Context: ..\test-results\poi-manager-integration-PO-fbaec-hould-load-POI-manager-page-integration\error-context.md

    Retry #1 ───────────────────────────────────────────────────────────────────────────────────────

    Error: expect(locator).toContainText(expected) failed

    Locator: locator('h1')
    Expected substring: "POI Manager"
    Timeout: 10000ms
    Error: element(s) not found

    Call log:
      - Expect "toContainText" with timeout 10000ms
      - waiting for locator('h1')


      10 |   test('should load POI manager page', async ({ page }) => {
      11 |     // Check page title and basic elements
    > 12 |     await expect(page.locator('h1')).toContainText('POI Manager');
         |                                      ^
      13 |     await expect(page.getByPlaceholder('Search POIs...')).toBeVisible();
      14 |   });
      15 |
        at C:\Users\james\Videos\deeds-web-app\sveltekit-frontend\tests\poi-manager-integration.spec.ts:12:38

    attachment #1: screenshot (image/png) ──────────────────────────────────────────────────────────
    ..\test-results\poi-manager-integration-PO-fbaec-hould-load-POI-manager-page-integration-retry1\test-failed-1.png
    ────────────────────────────────────────────────────────────────────────────────────────────────

    attachment #2: video (video/webm) ──────────────────────────────────────────────────────────────
    ..\test-results\poi-manager-integration-PO-fbaec-hould-load-POI-manager-page-integration-retry1\video.webm
    ────────────────────────────────────────────────────────────────────────────────────────────────

    Error Context: ..\test-results\poi-manager-integration-PO-fbaec-hould-load-POI-manager-page-integration-retry1\error-context.md

    attachment #4: trace (application/zip) ─────────────────────────────────────────────────────────
    ..\test-results\poi-manager-integration-PO-fbaec-hould-load-POI-manager-page-integration-retry1\trace.zip
    Usage:

        npx playwright show-trace ..\test-results\poi-manager-integration-PO-fbaec-hould-load-POI-manager-page-integration-retry1\trace.zip

    ────────────────────────────────────────────────────────────────────────────────────────────────
]]>
</failure>
<system-out>
<![CDATA[
[[ATTACHMENT|poi-manager-integration-PO-fbaec-hould-load-POI-manager-page-integration\test-failed-1.png]]

[[ATTACHMENT|poi-manager-integration-PO-fbaec-hould-load-POI-manager-page-integration\video.webm]]

[[ATTACHMENT|poi-manager-integration-PO-fbaec-hould-load-POI-manager-page-integration\error-context.md]]

[[ATTACHMENT|poi-manager-integration-PO-fbaec-hould-load-POI-manager-page-integration-retry1\test-failed-1.png]]

[[ATTACHMENT|poi-manager-integration-PO-fbaec-hould-load-POI-manager-page-integration-retry1\video.webm]]

[[ATTACHMENT|poi-manager-integration-PO-fbaec-hould-load-POI-manager-page-integration-retry1\error-context.md]]

[[ATTACHMENT|poi-manager-integration-PO-fbaec-hould-load-POI-manager-page-integration-retry1\trace.zip]]
]]>
</system-out>
</testcase>
</testsuite>
</testsuites>